Sentence #1 (8 tokens):
Lions eat zebras because they are predators.
[Text=Lions CharacterOffsetBegin=0 CharacterOffsetEnd=5 PartOfSpeech=NNS Lemma=lion NamedEntityTag=O]
[Text=eat CharacterOffsetBegin=6 CharacterOffsetEnd=9 PartOfSpeech=VBP Lemma=eat NamedEntityTag=O]
[Text=zebras CharacterOffsetBegin=10 CharacterOffsetEnd=16 PartOfSpeech=NNS Lemma=zebra NamedEntityTag=O]
[Text=because CharacterOffsetBegin=17 CharacterOffsetEnd=24 PartOfSpeech=IN Lemma=because NamedEntityTag=O]
[Text=they CharacterOffsetBegin=25 CharacterOffsetEnd=29 PartOfSpeech=PRP Lemma=they NamedEntityTag=O]
[Text=are CharacterOffsetBegin=30 CharacterOffsetEnd=33 PartOfSpeech=VBP Lemma=be NamedEntityTag=O]
[Text=predators CharacterOffsetBegin=34 CharacterOffsetEnd=43 PartOfSpeech=NNS Lemma=predator NamedEntityTag=O]
[Text=. CharacterOffsetBegin=43 CharacterOffsetEnd=44 PartOfSpeech=. Lemma=. NamedEntityTag=O]
(ROOT
  (S
    (NP (NNS Lions))
    (VP (VBP eat)
      (NP (NNS zebras))
      (SBAR (IN because)
        (S
          (NP (PRP they))
          (VP (VBP are)
            (NP (NNS predators))))))
    (. .)))

root(ROOT-0, eat-2)
nsubj(eat-2, Lions-1)
dobj(eat-2, zebras-3)
mark(predators-7, because-4)
nsubj(predators-7, they-5)
cop(predators-7, are-6)
advcl(eat-2, predators-7)
punct(eat-2, .-8)

Sentence #2 (11 tokens):
The knife sliced through the flesh because it was sharp.
[Text=The CharacterOffsetBegin=45 CharacterOffsetEnd=48 PartOfSpeech=DT Lemma=the NamedEntityTag=O]
[Text=knife CharacterOffsetBegin=49 CharacterOffsetEnd=54 PartOfSpeech=NN Lemma=knife NamedEntityTag=O]
[Text=sliced CharacterOffsetBegin=55 CharacterOffsetEnd=61 PartOfSpeech=VBN Lemma=slice NamedEntityTag=O]
[Text=through CharacterOffsetBegin=62 CharacterOffsetEnd=69 PartOfSpeech=IN Lemma=through NamedEntityTag=O]
[Text=the CharacterOffsetBegin=70 CharacterOffsetEnd=73 PartOfSpeech=DT Lemma=the NamedEntityTag=O]
[Text=flesh CharacterOffsetBegin=74 CharacterOffsetEnd=79 PartOfSpeech=NN Lemma=flesh NamedEntityTag=O]
[Text=because CharacterOffsetBegin=80 CharacterOffsetEnd=87 PartOfSpeech=IN Lemma=because NamedEntityTag=O]
[Text=it CharacterOffsetBegin=88 CharacterOffsetEnd=90 PartOfSpeech=PRP Lemma=it NamedEntityTag=O]
[Text=was CharacterOffsetBegin=91 CharacterOffsetEnd=94 PartOfSpeech=VBD Lemma=be NamedEntityTag=O]
[Text=sharp CharacterOffsetBegin=95 CharacterOffsetEnd=100 PartOfSpeech=JJ Lemma=sharp NamedEntityTag=O]
[Text=. CharacterOffsetBegin=100 CharacterOffsetEnd=101 PartOfSpeech=. Lemma=. NamedEntityTag=O]
(ROOT
  (S
    (NP (DT The) (NN knife))
    (VP (VBN sliced)
      (PP (IN through)
        (NP (DT the) (NN flesh)))
      (SBAR (IN because)
        (S
          (NP (PRP it))
          (VP (VBD was)
            (ADJP (JJ sharp))))))
    (. .)))

root(ROOT-0, sliced-3)
det(knife-2, The-1)
nsubj(sliced-3, knife-2)
case(flesh-6, through-4)
det(flesh-6, the-5)
nmod:through(sliced-3, flesh-6)
mark(sharp-10, because-7)
nsubj(sharp-10, it-8)
cop(sharp-10, was-9)
advcl(sliced-3, sharp-10)
punct(sliced-3, .-11)

Sentence #3 (11 tokens):
The bee landed on the flower because it had pollen.
[Text=The CharacterOffsetBegin=102 CharacterOffsetEnd=105 PartOfSpeech=DT Lemma=the NamedEntityTag=O]
[Text=bee CharacterOffsetBegin=106 CharacterOffsetEnd=109 PartOfSpeech=NN Lemma=bee NamedEntityTag=O]
[Text=landed CharacterOffsetBegin=110 CharacterOffsetEnd=116 PartOfSpeech=VBD Lemma=land NamedEntityTag=O]
[Text=on CharacterOffsetBegin=117 CharacterOffsetEnd=119 PartOfSpeech=IN Lemma=on NamedEntityTag=O]
[Text=the CharacterOffsetBegin=120 CharacterOffsetEnd=123 PartOfSpeech=DT Lemma=the NamedEntityTag=O]
[Text=flower CharacterOffsetBegin=124 CharacterOffsetEnd=130 PartOfSpeech=NN Lemma=flower NamedEntityTag=O]
[Text=because CharacterOffsetBegin=131 CharacterOffsetEnd=138 PartOfSpeech=IN Lemma=because NamedEntityTag=O]
[Text=it CharacterOffsetBegin=139 CharacterOffsetEnd=141 PartOfSpeech=PRP Lemma=it NamedEntityTag=O]
[Text=had CharacterOffsetBegin=142 CharacterOffsetEnd=145 PartOfSpeech=VBD Lemma=have NamedEntityTag=O]
[Text=pollen CharacterOffsetBegin=146 CharacterOffsetEnd=152 PartOfSpeech=NN Lemma=pollen NamedEntityTag=O]
[Text=. CharacterOffsetBegin=152 CharacterOffsetEnd=153 PartOfSpeech=. Lemma=. NamedEntityTag=O]
(ROOT
  (S
    (NP (DT The) (NN bee))
    (VP (VBD landed)
      (PP (IN on)
        (NP (DT the) (NN flower)))
      (SBAR (IN because)
        (S
          (NP (PRP it))
          (VP (VBD had)
            (NP (NN pollen))))))
    (. .)))

root(ROOT-0, landed-3)
det(bee-2, The-1)
nsubj(landed-3, bee-2)
case(flower-6, on-4)
det(flower-6, the-5)
nmod:on(landed-3, flower-6)
mark(had-9, because-7)
nsubj(had-9, it-8)
advcl(landed-3, had-9)
dobj(had-9, pollen-10)
punct(landed-3, .-11)

Sentence #4 (11 tokens):
James asked Robert for a favor, but he refused.
[Text=James CharacterOffsetBegin=154 CharacterOffsetEnd=159 PartOfSpeech=NNP Lemma=James NamedEntityTag=PERSON]
[Text=asked CharacterOffsetBegin=160 CharacterOffsetEnd=165 PartOfSpeech=VBD Lemma=ask NamedEntityTag=O]
[Text=Robert CharacterOffsetBegin=166 CharacterOffsetEnd=172 PartOfSpeech=NNP Lemma=Robert NamedEntityTag=PERSON]
[Text=for CharacterOffsetBegin=173 CharacterOffsetEnd=176 PartOfSpeech=IN Lemma=for NamedEntityTag=O]
[Text=a CharacterOffsetBegin=177 CharacterOffsetEnd=178 PartOfSpeech=DT Lemma=a NamedEntityTag=O]
[Text=favor CharacterOffsetBegin=179 CharacterOffsetEnd=184 PartOfSpeech=NN Lemma=favor NamedEntityTag=O]
[Text=, CharacterOffsetBegin=184 CharacterOffsetEnd=185 PartOfSpeech=, Lemma=, NamedEntityTag=O]
[Text=but CharacterOffsetBegin=186 CharacterOffsetEnd=189 PartOfSpeech=CC Lemma=but NamedEntityTag=O]
[Text=he CharacterOffsetBegin=190 CharacterOffsetEnd=192 PartOfSpeech=PRP Lemma=he NamedEntityTag=O]
[Text=refused CharacterOffsetBegin=193 CharacterOffsetEnd=200 PartOfSpeech=VBD Lemma=refuse NamedEntityTag=O]
[Text=. CharacterOffsetBegin=200 CharacterOffsetEnd=201 PartOfSpeech=. Lemma=. NamedEntityTag=O]
(ROOT
  (S
    (S
      (NP (NNP James))
      (VP (VBD asked)
        (NP
          (NP (NNP Robert))
          (PP (IN for)
            (NP (DT a) (NN favor))))))
    (, ,)
    (CC but)
    (S
      (NP (PRP he))
      (VP (VBD refused)))
    (. .)))

root(ROOT-0, asked-2)
nsubj(asked-2, James-1)
dobj(asked-2, Robert-3)
case(favor-6, for-4)
det(favor-6, a-5)
nmod:for(Robert-3, favor-6)
punct(asked-2, ,-7)
cc(asked-2, but-8)
nsubj(refused-10, he-9)
conj:but(asked-2, refused-10)
punct(asked-2, .-11)

Sentence #5 (9 tokens):
Ed punished Tim because he tried to escape.
[Text=Ed CharacterOffsetBegin=202 CharacterOffsetEnd=204 PartOfSpeech=NNP Lemma=Ed NamedEntityTag=PERSON]
[Text=punished CharacterOffsetBegin=205 CharacterOffsetEnd=213 PartOfSpeech=VBD Lemma=punish NamedEntityTag=O]
[Text=Tim CharacterOffsetBegin=214 CharacterOffsetEnd=217 PartOfSpeech=NNP Lemma=Tim NamedEntityTag=PERSON]
[Text=because CharacterOffsetBegin=218 CharacterOffsetEnd=225 PartOfSpeech=IN Lemma=because NamedEntityTag=O]
[Text=he CharacterOffsetBegin=226 CharacterOffsetEnd=228 PartOfSpeech=PRP Lemma=he NamedEntityTag=O]
[Text=tried CharacterOffsetBegin=229 CharacterOffsetEnd=234 PartOfSpeech=VBD Lemma=try NamedEntityTag=O]
[Text=to CharacterOffsetBegin=235 CharacterOffsetEnd=237 PartOfSpeech=TO Lemma=to NamedEntityTag=O]
[Text=escape CharacterOffsetBegin=238 CharacterOffsetEnd=244 PartOfSpeech=VB Lemma=escape NamedEntityTag=O]
[Text=. CharacterOffsetBegin=244 CharacterOffsetEnd=245 PartOfSpeech=. Lemma=. NamedEntityTag=O]
(ROOT
  (S
    (NP (NNP Ed))
    (VP (VBD punished)
      (NP (NNP Tim))
      (SBAR (IN because)
        (S
          (NP (PRP he))
          (VP (VBD tried)
            (S
              (VP (TO to)
                (VP (VB escape))))))))
    (. .)))

root(ROOT-0, punished-2)
nsubj(punished-2, Ed-1)
dobj(punished-2, Tim-3)
mark(tried-6, because-4)
nsubj(tried-6, he-5)
advcl(punished-2, tried-6)
mark(escape-8, to-7)
xcomp(tried-6, escape-8)
punct(punished-2, .-9)

Sentence #6 (13 tokens):
Cats are smarter than dogs because they always land on their feet.
[Text=Cats CharacterOffsetBegin=246 CharacterOffsetEnd=250 PartOfSpeech=NNS Lemma=cat NamedEntityTag=O]
[Text=are CharacterOffsetBegin=251 CharacterOffsetEnd=254 PartOfSpeech=VBP Lemma=be NamedEntityTag=O]
[Text=smarter CharacterOffsetBegin=255 CharacterOffsetEnd=262 PartOfSpeech=RBR Lemma=smarter NamedEntityTag=O]
[Text=than CharacterOffsetBegin=263 CharacterOffsetEnd=267 PartOfSpeech=IN Lemma=than NamedEntityTag=O]
[Text=dogs CharacterOffsetBegin=268 CharacterOffsetEnd=272 PartOfSpeech=NNS Lemma=dog NamedEntityTag=O]
[Text=because CharacterOffsetBegin=273 CharacterOffsetEnd=280 PartOfSpeech=IN Lemma=because NamedEntityTag=O]
[Text=they CharacterOffsetBegin=281 CharacterOffsetEnd=285 PartOfSpeech=PRP Lemma=they NamedEntityTag=O]
[Text=always CharacterOffsetBegin=286 CharacterOffsetEnd=292 PartOfSpeech=RB Lemma=always NamedEntityTag=O]
[Text=land CharacterOffsetBegin=293 CharacterOffsetEnd=297 PartOfSpeech=VB Lemma=land NamedEntityTag=O]
[Text=on CharacterOffsetBegin=298 CharacterOffsetEnd=300 PartOfSpeech=IN Lemma=on NamedEntityTag=O]
[Text=their CharacterOffsetBegin=301 CharacterOffsetEnd=306 PartOfSpeech=PRP$ Lemma=they NamedEntityTag=O]
[Text=feet CharacterOffsetBegin=307 CharacterOffsetEnd=311 PartOfSpeech=NNS Lemma=foot NamedEntityTag=O]
[Text=. CharacterOffsetBegin=311 CharacterOffsetEnd=312 PartOfSpeech=. Lemma=. NamedEntityTag=O]
(ROOT
  (S
    (NP (NNS Cats))
    (VP (VBP are)
      (ADVP (RBR smarter))
      (PP (IN than)
        (NP (NNS dogs)))
      (SBAR (IN because)
        (S
          (NP (PRP they))
          (ADVP (RB always))
          (VP (VB land)
            (PP (IN on)
              (NP (PRP$ their) (NNS feet)))))))
    (. .)))

root(ROOT-0, dogs-5)
nsubj(dogs-5, Cats-1)
cop(dogs-5, are-2)
advmod(dogs-5, smarter-3)
case(dogs-5, than-4)
mark(land-9, because-6)
nsubj(land-9, they-7)
advmod(land-9, always-8)
advcl(dogs-5, land-9)
case(feet-12, on-10)
nmod:poss(feet-12, their-11)
nmod:on(land-9, feet-12)
punct(dogs-5, .-13)

Sentence #7 (10 tokens):
The ball hit the window and Bill caught it.
[Text=The CharacterOffsetBegin=313 CharacterOffsetEnd=316 PartOfSpeech=DT Lemma=the NamedEntityTag=O]
[Text=ball CharacterOffsetBegin=317 CharacterOffsetEnd=321 PartOfSpeech=NN Lemma=ball NamedEntityTag=O]
[Text=hit CharacterOffsetBegin=322 CharacterOffsetEnd=325 PartOfSpeech=VBD Lemma=hit NamedEntityTag=O]
[Text=the CharacterOffsetBegin=326 CharacterOffsetEnd=329 PartOfSpeech=DT Lemma=the NamedEntityTag=O]
[Text=window CharacterOffsetBegin=330 CharacterOffsetEnd=336 PartOfSpeech=NN Lemma=window NamedEntityTag=O]
[Text=and CharacterOffsetBegin=337 CharacterOffsetEnd=340 PartOfSpeech=CC Lemma=and NamedEntityTag=O]
[Text=Bill CharacterOffsetBegin=341 CharacterOffsetEnd=345 PartOfSpeech=NNP Lemma=Bill NamedEntityTag=PERSON]
[Text=caught CharacterOffsetBegin=346 CharacterOffsetEnd=352 PartOfSpeech=VBD Lemma=catch NamedEntityTag=O]
[Text=it CharacterOffsetBegin=353 CharacterOffsetEnd=355 PartOfSpeech=PRP Lemma=it NamedEntityTag=O]
[Text=. CharacterOffsetBegin=355 CharacterOffsetEnd=356 PartOfSpeech=. Lemma=. NamedEntityTag=O]
(ROOT
  (S
    (NP (DT The) (NN ball))
    (VP (VBD hit)
      (SBAR
        (S
          (NP
            (NP (DT the) (NN window))
            (CC and)
            (NP (NNP Bill)))
          (VP (VBD caught)
            (NP (PRP it))))))
    (. .)))

root(ROOT-0, hit-3)
det(ball-2, The-1)
nsubj(hit-3, ball-2)
det(window-5, the-4)
nsubj(caught-8, window-5)
cc(window-5, and-6)
conj:and(window-5, Bill-7)
ccomp(hit-3, caught-8)
dobj(caught-8, it-9)
punct(hit-3, .-10)

Coreference set:
	(1,5,[5,6]) -> (1,7,[7,8]), that is: "they" -> "predators"
Coreference set:
	(2,8,[8,9]) -> (2,2,[1,3]), that is: "it" -> "The knife"
Coreference set:
	(3,8,[8,9]) -> (3,2,[1,3]), that is: "it" -> "The bee"
Coreference set:
	(4,9,[9,10]) -> (4,1,[1,2]), that is: "he" -> "James"
Coreference set:
	(5,5,[5,6]) -> (5,1,[1,2]), that is: "he" -> "Ed"
Coreference set:
	(6,7,[7,8]) -> (6,1,[1,2]), that is: "they" -> "Cats"
	(6,11,[11,12]) -> (6,1,[1,2]), that is: "their" -> "Cats"
Coreference set:
	(7,9,[9,10]) -> (7,5,[4,6]), that is: "it" -> "the window"
